c:\users\lenovo\desktop\3d snake with texture\graphics l1\debug\tmp\vc140.pdb
d:\fcis\third year\graphics\project\3d snake with texture\graphics l1\debug\tmp\vc140.pdb
d:\fcis\third year\graphics\project\project ideas\3d snake with texture\graphics l1\debug\tmp\vc140.pdb
d:\fcis\third year\graphics\project\3d snake with texture\graphics l1\debug\tmp\vc140.idb
d:\fcis\third year\graphics\project\3d snake with texture\graphics l1\debug\tmp\firstpersoncamera.obj
d:\fcis\third year\graphics\project\3d snake with texture\graphics l1\debug\tmp\md2leagueoflegend.obj
d:\fcis\third year\graphics\project\3d snake with texture\graphics l1\debug\tmp\md3.obj
d:\fcis\third year\graphics\project\3d snake with texture\graphics l1\debug\tmp\md5animation.obj
d:\fcis\third year\graphics\project\3d snake with texture\graphics l1\debug\tmp\md5model.obj
d:\fcis\third year\graphics\project\3d snake with texture\graphics l1\debug\tmp\renderer.obj
d:\fcis\third year\graphics\project\3d snake with texture\graphics l1\debug\tmp\keyframeanimationshader.obj
d:\fcis\third year\graphics\project\3d snake with texture\graphics l1\debug\tmp\main.obj
d:\fcis\third year\graphics\project\3d snake with texture\graphics l1\debug\tmp\md2model.obj
d:\fcis\third year\graphics\project\3d snake with texture\graphics l1\debug\tmp\model.obj
d:\fcis\third year\graphics\project\3d snake with texture\graphics l1\debug\tmp\model3d.obj
d:\fcis\third year\graphics\project\3d snake with texture\graphics l1\debug\tmp\modelnode.obj
d:\fcis\third year\graphics\project\3d snake with texture\graphics l1\debug\tmp\shader.obj
d:\fcis\third year\graphics\project\3d snake with texture\graphics l1\debug\tmp\shaderprogram.obj
d:\fcis\third year\graphics\project\3d snake with texture\graphics l1\debug\tmp\texture.obj
d:\fcis\third year\graphics\project\3d snake with texture\graphics l1\debug\tmp\texturedmodel.obj
d:\fcis\third year\graphics\project\3d snake with texture\graphics l1\debug\tmp\vertexbufferobject.obj
d:\fcis\third year\graphics\project\3d snake with texture\graphics l1\debug\tmp\stb_image.obj
c:\users\lenovo\desktop\3d snake with texture\debug\graphics l1.ilk
c:\users\lenovo\desktop\3d snake with texture\debug\graphics l1.exe
c:\users\lenovo\desktop\3d snake with texture\debug\graphics l1.pdb
d:\fcis\third year\graphics\project\3d snake with texture\debug\graphics l1.ilk
d:\fcis\third year\graphics\project\3d snake with texture\debug\graphics l1.exe
d:\fcis\third year\graphics\project\3d snake with texture\debug\graphics l1.pdb
d:\fcis\third year\graphics\project\project ideas\3d snake with texture\debug\graphics l1.ilk
d:\fcis\third year\graphics\project\project ideas\3d snake with texture\debug\graphics l1.exe
d:\fcis\third year\graphics\project\project ideas\3d snake with texture\debug\graphics l1.pdb
d:\fcis\third year\graphics\project\project ideas\3d snake with texture\graphics l1\debug\tmp\firstpersoncamera.obj
d:\fcis\third year\graphics\project\project ideas\3d snake with texture\graphics l1\debug\tmp\keyframeanimationshader.obj
d:\fcis\third year\graphics\project\project ideas\3d snake with texture\graphics l1\debug\tmp\main.obj
d:\fcis\third year\graphics\project\project ideas\3d snake with texture\graphics l1\debug\tmp\md2leagueoflegend.obj
d:\fcis\third year\graphics\project\project ideas\3d snake with texture\graphics l1\debug\tmp\md2model.obj
d:\fcis\third year\graphics\project\project ideas\3d snake with texture\graphics l1\debug\tmp\md3.obj
d:\fcis\third year\graphics\project\project ideas\3d snake with texture\graphics l1\debug\tmp\md5animation.obj
d:\fcis\third year\graphics\project\project ideas\3d snake with texture\graphics l1\debug\tmp\md5model.obj
d:\fcis\third year\graphics\project\project ideas\3d snake with texture\graphics l1\debug\tmp\model.obj
d:\fcis\third year\graphics\project\project ideas\3d snake with texture\graphics l1\debug\tmp\model3d.obj
d:\fcis\third year\graphics\project\project ideas\3d snake with texture\graphics l1\debug\tmp\modelnode.obj
d:\fcis\third year\graphics\project\project ideas\3d snake with texture\graphics l1\debug\tmp\renderer.obj
d:\fcis\third year\graphics\project\project ideas\3d snake with texture\graphics l1\debug\tmp\shader.obj
d:\fcis\third year\graphics\project\project ideas\3d snake with texture\graphics l1\debug\tmp\shaderprogram.obj
d:\fcis\third year\graphics\project\project ideas\3d snake with texture\graphics l1\debug\tmp\stb_image.obj
d:\fcis\third year\graphics\project\project ideas\3d snake with texture\graphics l1\debug\tmp\texture.obj
d:\fcis\third year\graphics\project\project ideas\3d snake with texture\graphics l1\debug\tmp\texturedmodel.obj
d:\fcis\third year\graphics\project\project ideas\3d snake with texture\graphics l1\debug\tmp\vertexbufferobject.obj
d:\fcis\third year\graphics\project\project ideas\3d snake with texture\graphics l1\debug\tmp\vc140.idb
d:\fcis\third year\graphics\project\project ideas\3d snake with texture\graphics l1\debug\tmp\graphics l1.tlog\cl.command.1.tlog
d:\fcis\third year\graphics\project\project ideas\3d snake with texture\graphics l1\debug\tmp\graphics l1.tlog\cl.read.1.tlog
d:\fcis\third year\graphics\project\project ideas\3d snake with texture\graphics l1\debug\tmp\graphics l1.tlog\cl.write.1.tlog
d:\fcis\third year\graphics\project\project ideas\3d snake with texture\graphics l1\debug\tmp\graphics l1.tlog\link.command.1.tlog
d:\fcis\third year\graphics\project\project ideas\3d snake with texture\graphics l1\debug\tmp\graphics l1.tlog\link.read.1.tlog
d:\fcis\third year\graphics\project\project ideas\3d snake with texture\graphics l1\debug\tmp\graphics l1.tlog\link.write.1.tlog
